<?xml version="1.0" encoding="UTF-8"?>
<!-- Generated by org.testng.reporters.JUnitReportReporter -->
<testsuite hostname="LAPTOP-CQKLIHEN" failures="0" tests="3" name="dddUnitTest.ExcelReadingTest" time="1.022" errors="0" timestamp="2024-10-30T22:32:39 EDT" skipped="0">
  <testcase classname="dddUnitTest.ExcelReadingTest" name="readDataByFile" time="0.906"/>
  <testcase classname="dddUnitTest.ExcelReadingTest" name="readDataByInputStream" time="0.064"/>
  <testcase classname="dddUnitTest.ExcelReadingTest" name="readDataByMap" time="0.052"/>
</testsuite> <!-- dddUnitTest.ExcelReadingTest -->
