<?xml version="1.0" encoding="UTF-8"?>
<!-- Generated by org.testng.reporters.JUnitReportReporter -->
<testsuite hostname="LAPTOP-CQKLIHEN" failures="1" tests="2" name="pagesTest.LoginByDataFromDatabaseTest" time="118.637" errors="0" timestamp="2024-10-28T21:13:50 EDT" skipped="0">
  <testcase classname="pagesTest.LoginByDataFromDatabaseTest" name="loginTest" time="56.622">
    <failure message="Title doesn&#039;t match up expected [Enthrall IT - Dashboard] but found [enthrallit.com]" type="java.lang.AssertionError">
      <![CDATA[java.lang.AssertionError: Title doesn't match up expected [Enthrall IT - Dashboard] but found [enthrallit.com]
at org.testng.Assert.fail(Assert.java:111)
at org.testng.Assert.failNotEquals(Assert.java:1578)
at org.testng.Assert.assertEqualsImpl(Assert.java:150)
at org.testng.Assert.assertEquals(Assert.java:132)
at org.testng.Assert.assertEquals(Assert.java:656)
at common.CommonAction.verifyTitle(CommonAction.java:88)
at pages.Login.landingOnDashboard(Login.java:73)
at pagesTest.LoginByDataFromDatabaseTest.loginTest(LoginByDataFromDatabaseTest.java:43)
at java.base/jdk.internal.reflect.NativeMethodAccessorImpl.invoke0(Native Method)
at java.base/jdk.internal.reflect.NativeMethodAccessorImpl.invoke(NativeMethodAccessorImpl.java:77)
at java.base/jdk.internal.reflect.DelegatingMethodAccessorImpl.invoke(DelegatingMethodAccessorImpl.java:43)
at java.base/java.lang.reflect.Method.invoke(Method.java:568)
at org.testng.internal.invokers.MethodInvocationHelper.invokeMethod(MethodInvocationHelper.java:141)
at org.testng.internal.invokers.TestInvoker.invokeMethod(TestInvoker.java:686)
at org.testng.internal.invokers.TestInvoker.invokeTestMethod(TestInvoker.java:230)
at org.testng.internal.invokers.MethodRunner.runInSequence(MethodRunner.java:63)
at org.testng.internal.invokers.TestInvoker$MethodInvocationAgent.invoke(TestInvoker.java:992)
at org.testng.internal.invokers.TestInvoker.invokeTestMethods(TestInvoker.java:203)
at org.testng.internal.invokers.TestMethodWorker.invokeTestMethods(TestMethodWorker.java:154)
at org.testng.internal.invokers.TestMethodWorker.run(TestMethodWorker.java:134)
at java.base/java.util.ArrayList.forEach(ArrayList.java:1511)
at org.testng.TestRunner.privateRun(TestRunner.java:739)
at org.testng.TestRunner.run(TestRunner.java:614)
at org.testng.SuiteRunner.runTest(SuiteRunner.java:421)
at org.testng.SuiteRunner.runSequentially(SuiteRunner.java:413)
at org.testng.SuiteRunner.privateRun(SuiteRunner.java:373)
at org.testng.SuiteRunner.run(SuiteRunner.java:312)
at org.testng.SuiteRunnerWorker.runSuite(SuiteRunnerWorker.java:52)
at org.testng.SuiteRunnerWorker.run(SuiteRunnerWorker.java:95)
at org.testng.TestNG.runSuitesSequentially(TestNG.java:1274)
at org.testng.TestNG.runSuitesLocally(TestNG.java:1208)
at org.testng.TestNG.runSuites(TestNG.java:1112)
at org.testng.TestNG.run(TestNG.java:1079)
at org.testng.remote.AbstractRemoteTestNG.run(AbstractRemoteTestNG.java:115)
at org.testng.remote.RemoteTestNG.initAndRun(RemoteTestNG.java:293)
at org.testng.remote.RemoteTestNG.main(RemoteTestNG.java:91)
]]>
    </failure>
    <system-out>
      <![CDATA[[[ChromeDriver: chrome on windows (a762526d084e7f9ccbbb526b61155d77)] -> xpath: //a[text()='Login']]<---------> is Displayed, true<br>
Actual Title is : Enthrall IT ---> And Expected Title is :Enthrall IT<br>
Sleeping ... zZz 4000<br>
[[ChromeDriver: chrome on windows (a762526d084e7f9ccbbb526b61155d77)] -> xpath: //a[text()='Login']]<---------> is Displayed, true<br>
[[ChromeDriver: chrome on windows (a762526d084e7f9ccbbb526b61155d77)] -> xpath: //a[text()='Login']]<-------> has been clicked<br>
Sleeping ... zZz 4000<br>
[[ChromeDriver: chrome on windows (a762526d084e7f9ccbbb526b61155d77)] -> xpath: //input[@name='username']]<---------> is Displayed, true<br>
Kaylith1@gmail.com <-----> has been put into <-----> [[ChromeDriver: chrome on windows (a762526d084e7f9ccbbb526b61155d77)] -> xpath: //input[@name='username']]<br>
Sleeping ... zZz 4000<br>
[[ChromeDriver: chrome on windows (a762526d084e7f9ccbbb526b61155d77)] -> xpath: //input[@id = 'password']]<---------> is Displayed, true<br>
Abc12345% <-----> has been put into <-----> [[ChromeDriver: chrome on windows (a762526d084e7f9ccbbb526b61155d77)] -> xpath: //input[@id = 'password']]<br>
Sleeping ... zZz 4000<br>
[[ChromeDriver: chrome on windows (a762526d084e7f9ccbbb526b61155d77)] -> css selector: input.btn.btn-lg.px-5]<---------> is Enabled, true<br>
Proxy element for: DefaultElementLocator 'By.cssSelector: input.btn.btn-lg.px-5'<-------> has been clicked<br>
Sleeping ... zZz 4000<br>
Sleeping ... zZz 4000<br>
Actual Title is : enthrallit.com ---> And Expected Title is :Enthrall IT - Dashboard<br>]]>
    </system-out>
  </testcase> <!-- loginTest -->
  <testcase classname="pagesTest.LoginByDataFromDatabaseTest" name="loginTest" time="62.015">
    <system-out>
      <![CDATA[[[ChromeDriver: chrome on windows (882598c44b0a38f73a79d057eef29db6)] -> xpath: //a[text()='Login']]<---------> is Displayed, true<br>
Actual Title is : Enthrall IT ---> And Expected Title is :Enthrall IT<br>
Sleeping ... zZz 4000<br>
[[ChromeDriver: chrome on windows (882598c44b0a38f73a79d057eef29db6)] -> xpath: //a[text()='Login']]<---------> is Displayed, true<br>
[[ChromeDriver: chrome on windows (882598c44b0a38f73a79d057eef29db6)] -> xpath: //a[text()='Login']]<-------> has been clicked<br>
Sleeping ... zZz 4000<br>
[[ChromeDriver: chrome on windows (882598c44b0a38f73a79d057eef29db6)] -> xpath: //input[@name='username']]<---------> is Displayed, true<br>
tasnimchowdhury.qa@gmail.com <-----> has been put into <-----> [[ChromeDriver: chrome on windows (882598c44b0a38f73a79d057eef29db6)] -> xpath: //input[@name='username']]<br>
Sleeping ... zZz 4000<br>
[[ChromeDriver: chrome on windows (882598c44b0a38f73a79d057eef29db6)] -> xpath: //input[@id = 'password']]<---------> is Displayed, true<br>
Darimee2010 <-----> has been put into <-----> [[ChromeDriver: chrome on windows (882598c44b0a38f73a79d057eef29db6)] -> xpath: //input[@id = 'password']]<br>
Sleeping ... zZz 4000<br>
[[ChromeDriver: chrome on windows (882598c44b0a38f73a79d057eef29db6)] -> css selector: input.btn.btn-lg.px-5]<---------> is Enabled, true<br>
Proxy element for: DefaultElementLocator 'By.cssSelector: input.btn.btn-lg.px-5'<-------> has been clicked<br>
Sleeping ... zZz 4000<br>
Sleeping ... zZz 4000<br>
Actual Title is : Enthrall IT - Dashboard ---> And Expected Title is :Enthrall IT - Dashboard<br>
Current URL : https://enthrallit.com/dashboard/, Expected URL : https://enthrallit.com/dashboard/<br>
[[ChromeDriver: chrome on windows (882598c44b0a38f73a79d057eef29db6)] -> xpath: //h1[text()='Dashboard']] ---> Actual Header : Dashboard. Expected Header : Dashboard<br>
Sleeping ... zZz 4000<br>]]>
    </system-out>
  </testcase> <!-- loginTest -->
  <system-out>
    <![CDATA[[[ChromeDriver: chrome on windows (882598c44b0a38f73a79d057eef29db6)] -> xpath: //a[text()='Login']]<---------> is Displayed, true<br>
Actual Title is : Enthrall IT ---> And Expected Title is :Enthrall IT<br>
Sleeping ... zZz 4000<br>
[[ChromeDriver: chrome on windows (882598c44b0a38f73a79d057eef29db6)] -> xpath: //a[text()='Login']]<---------> is Displayed, true<br>
[[ChromeDriver: chrome on windows (882598c44b0a38f73a79d057eef29db6)] -> xpath: //a[text()='Login']]<-------> has been clicked<br>
Sleeping ... zZz 4000<br>
[[ChromeDriver: chrome on windows (882598c44b0a38f73a79d057eef29db6)] -> xpath: //input[@name='username']]<---------> is Displayed, true<br>
tasnimchowdhury.qa@gmail.com <-----> has been put into <-----> [[ChromeDriver: chrome on windows (882598c44b0a38f73a79d057eef29db6)] -> xpath: //input[@name='username']]<br>
Sleeping ... zZz 4000<br>
[[ChromeDriver: chrome on windows (882598c44b0a38f73a79d057eef29db6)] -> xpath: //input[@id = 'password']]<---------> is Displayed, true<br>
Darimee2010 <-----> has been put into <-----> [[ChromeDriver: chrome on windows (882598c44b0a38f73a79d057eef29db6)] -> xpath: //input[@id = 'password']]<br>
Sleeping ... zZz 4000<br>
[[ChromeDriver: chrome on windows (882598c44b0a38f73a79d057eef29db6)] -> css selector: input.btn.btn-lg.px-5]<---------> is Enabled, true<br>
Proxy element for: DefaultElementLocator 'By.cssSelector: input.btn.btn-lg.px-5'<-------> has been clicked<br>
Sleeping ... zZz 4000<br>
Sleeping ... zZz 4000<br>
Actual Title is : Enthrall IT - Dashboard ---> And Expected Title is :Enthrall IT - Dashboard<br>
Current URL : https://enthrallit.com/dashboard/, Expected URL : https://enthrallit.com/dashboard/<br>
[[ChromeDriver: chrome on windows (882598c44b0a38f73a79d057eef29db6)] -> xpath: //h1[text()='Dashboard']] ---> Actual Header : Dashboard. Expected Header : Dashboard<br>
Sleeping ... zZz 4000<br>
[[ChromeDriver: chrome on windows (a762526d084e7f9ccbbb526b61155d77)] -> xpath: //a[text()='Login']]<---------> is Displayed, true<br>
Actual Title is : Enthrall IT ---> And Expected Title is :Enthrall IT<br>
Sleeping ... zZz 4000<br>
[[ChromeDriver: chrome on windows (a762526d084e7f9ccbbb526b61155d77)] -> xpath: //a[text()='Login']]<---------> is Displayed, true<br>
[[ChromeDriver: chrome on windows (a762526d084e7f9ccbbb526b61155d77)] -> xpath: //a[text()='Login']]<-------> has been clicked<br>
Sleeping ... zZz 4000<br>
[[ChromeDriver: chrome on windows (a762526d084e7f9ccbbb526b61155d77)] -> xpath: //input[@name='username']]<---------> is Displayed, true<br>
Kaylith1@gmail.com <-----> has been put into <-----> [[ChromeDriver: chrome on windows (a762526d084e7f9ccbbb526b61155d77)] -> xpath: //input[@name='username']]<br>
Sleeping ... zZz 4000<br>
[[ChromeDriver: chrome on windows (a762526d084e7f9ccbbb526b61155d77)] -> xpath: //input[@id = 'password']]<---------> is Displayed, true<br>
Abc12345% <-----> has been put into <-----> [[ChromeDriver: chrome on windows (a762526d084e7f9ccbbb526b61155d77)] -> xpath: //input[@id = 'password']]<br>
Sleeping ... zZz 4000<br>
[[ChromeDriver: chrome on windows (a762526d084e7f9ccbbb526b61155d77)] -> css selector: input.btn.btn-lg.px-5]<---------> is Enabled, true<br>
Proxy element for: DefaultElementLocator 'By.cssSelector: input.btn.btn-lg.px-5'<-------> has been clicked<br>
Sleeping ... zZz 4000<br>
Sleeping ... zZz 4000<br>
Actual Title is : enthrallit.com ---> And Expected Title is :Enthrall IT - Dashboard<br>
Screenshot has been successfully capture at: 
C:\Users\mashr\eclipse-workspace\com.enthrallit_2024\test-output\screenShots\error_loginTest_10282024_09.13.48.png<br>]]>
  </system-out>
</testsuite> <!-- pagesTest.LoginByDataFromDatabaseTest -->
