<?xml version="1.0" encoding="UTF-8"?>
<!-- Generated by org.testng.reporters.JUnitReportReporter -->
<testsuite hostname="LAPTOP-CQKLIHEN" failures="0" tests="1" name="pagesTest.LoginTest" time="57.139" errors="0" timestamp="2024-10-28T21:10:32 EDT" skipped="0">
  <testcase classname="pagesTest.LoginTest" name="loginTest" time="57.139">
    <system-out>
      <![CDATA[[[ChromeDriver: chrome on windows (25504c27c4c1cb79b6fff4c9011adf23)] -> xpath: //a[text()='Login']]<---------> is Displayed, true<br>
Actual Title is : Enthrall IT ---> And Expected Title is :Enthrall IT<br>
Sleeping ... zZz 4000<br>
[[ChromeDriver: chrome on windows (25504c27c4c1cb79b6fff4c9011adf23)] -> xpath: //a[text()='Login']]<---------> is Displayed, true<br>
[[ChromeDriver: chrome on windows (25504c27c4c1cb79b6fff4c9011adf23)] -> xpath: //a[text()='Login']]<-------> has been clicked<br>
Sleeping ... zZz 4000<br>
[[ChromeDriver: chrome on windows (25504c27c4c1cb79b6fff4c9011adf23)] -> xpath: //input[@name='username']]<---------> is Displayed, true<br>
Kaylith1@gmail.com <-----> has been put into <-----> [[ChromeDriver: chrome on windows (25504c27c4c1cb79b6fff4c9011adf23)] -> xpath: //input[@name='username']]<br>
Sleeping ... zZz 4000<br>
[[ChromeDriver: chrome on windows (25504c27c4c1cb79b6fff4c9011adf23)] -> xpath: //input[@id = 'password']]<---------> is Displayed, true<br>
Abcd12345% <-----> has been put into <-----> [[ChromeDriver: chrome on windows (25504c27c4c1cb79b6fff4c9011adf23)] -> xpath: //input[@id = 'password']]<br>
Sleeping ... zZz 4000<br>
[[ChromeDriver: chrome on windows (25504c27c4c1cb79b6fff4c9011adf23)] -> css selector: input.btn.btn-lg.px-5]<---------> is Enabled, true<br>
Proxy element for: DefaultElementLocator 'By.cssSelector: input.btn.btn-lg.px-5'<-------> has been clicked<br>
Sleeping ... zZz 4000<br>
Sleeping ... zZz 4000<br>
Actual Title is : Enthrall IT - Dashboard ---> And Expected Title is :Enthrall IT - Dashboard<br>
Current URL : https://enthrallit.com/dashboard/, Expected URL : https://enthrallit.com/dashboard/<br>
[[ChromeDriver: chrome on windows (25504c27c4c1cb79b6fff4c9011adf23)] -> xpath: //h1[text()='Dashboard']] ---> Actual Header : Dashboard. Expected Header : Dashboard<br>
Sleeping ... zZz 4000<br>]]>
    </system-out>
  </testcase> <!-- loginTest -->
  <system-out>
    <![CDATA[[[ChromeDriver: chrome on windows (25504c27c4c1cb79b6fff4c9011adf23)] -> xpath: //a[text()='Login']]<---------> is Displayed, true<br>
Actual Title is : Enthrall IT ---> And Expected Title is :Enthrall IT<br>
Sleeping ... zZz 4000<br>
[[ChromeDriver: chrome on windows (25504c27c4c1cb79b6fff4c9011adf23)] -> xpath: //a[text()='Login']]<---------> is Displayed, true<br>
[[ChromeDriver: chrome on windows (25504c27c4c1cb79b6fff4c9011adf23)] -> xpath: //a[text()='Login']]<-------> has been clicked<br>
Sleeping ... zZz 4000<br>
[[ChromeDriver: chrome on windows (25504c27c4c1cb79b6fff4c9011adf23)] -> xpath: //input[@name='username']]<---------> is Displayed, true<br>
Kaylith1@gmail.com <-----> has been put into <-----> [[ChromeDriver: chrome on windows (25504c27c4c1cb79b6fff4c9011adf23)] -> xpath: //input[@name='username']]<br>
Sleeping ... zZz 4000<br>
[[ChromeDriver: chrome on windows (25504c27c4c1cb79b6fff4c9011adf23)] -> xpath: //input[@id = 'password']]<---------> is Displayed, true<br>
Abcd12345% <-----> has been put into <-----> [[ChromeDriver: chrome on windows (25504c27c4c1cb79b6fff4c9011adf23)] -> xpath: //input[@id = 'password']]<br>
Sleeping ... zZz 4000<br>
[[ChromeDriver: chrome on windows (25504c27c4c1cb79b6fff4c9011adf23)] -> css selector: input.btn.btn-lg.px-5]<---------> is Enabled, true<br>
Proxy element for: DefaultElementLocator 'By.cssSelector: input.btn.btn-lg.px-5'<-------> has been clicked<br>
Sleeping ... zZz 4000<br>
Sleeping ... zZz 4000<br>
Actual Title is : Enthrall IT - Dashboard ---> And Expected Title is :Enthrall IT - Dashboard<br>
Current URL : https://enthrallit.com/dashboard/, Expected URL : https://enthrallit.com/dashboard/<br>
[[ChromeDriver: chrome on windows (25504c27c4c1cb79b6fff4c9011adf23)] -> xpath: //h1[text()='Dashboard']] ---> Actual Header : Dashboard. Expected Header : Dashboard<br>
Sleeping ... zZz 4000<br>]]>
  </system-out>
</testsuite> <!-- pagesTest.LoginTest -->
