<?xml version="1.0" encoding="UTF-8"?>
<!-- Generated by org.testng.reporters.JUnitReportReporter -->
<testsuite hostname="LAPTOP-CQKLIHEN" failures="0" tests="1" name="dddUnitTest.DBConnectionTest" time="0.253" errors="0" timestamp="2024-10-27T15:49:49 EDT" skipped="0">
  <testcase classname="dddUnitTest.DBConnectionTest" name="dbConnection" time="0.253"/>
</testsuite> <!-- dddUnitTest.DBConnectionTest -->
