<?xml version="1.0" encoding="UTF-8"?>
<!-- Generated by org.testng.reporters.JUnitReportReporter -->
<testsuite hostname="LAPTOP-CQKLIHEN" failures="0" tests="1" name="pagesTest.HomePageTest" time="52.616" errors="0" timestamp="2024-10-28T11:47:44 EDT" skipped="0">
  <testcase classname="pagesTest.HomePageTest" name="clickAutomationButtonAndDirectToEnrollmentPageTest" time="52.616">
    <system-out>
      <![CDATA[[[ChromeDriver: chrome on windows (bf742b399f4a1dab793c98f8912da01e)] -> xpath: //a[text()='Login']]<---------> is Displayed, true<br>
Sleeping ... zZz 4000<br>
[[ChromeDriver: chrome on windows (bf742b399f4a1dab793c98f8912da01e)] -> xpath: //input[@name='username']]<---------> is Displayed, true<br>
Kaylith1@gmail.com <-----> has been put into <-----> [[ChromeDriver: chrome on windows (bf742b399f4a1dab793c98f8912da01e)] -> xpath: //input[@name='username']]<br>
Sleeping ... zZz 4000<br>
[[ChromeDriver: chrome on windows (bf742b399f4a1dab793c98f8912da01e)] -> xpath: //input[@id = 'password']]<---------> is Displayed, true<br>
Abcd12345% <-----> has been put into <-----> [[ChromeDriver: chrome on windows (bf742b399f4a1dab793c98f8912da01e)] -> xpath: //input[@id = 'password']]<br>
Sleeping ... zZz 4000<br>
[[ChromeDriver: chrome on windows (bf742b399f4a1dab793c98f8912da01e)] -> css selector: input.btn.btn-lg.px-5]<---------> is Enabled, true<br>
Proxy element for: DefaultElementLocator 'By.cssSelector: input.btn.btn-lg.px-5'<-------> has been clicked<br>
Sleeping ... zZz 2000<br>
[[ChromeDriver: chrome on windows (bf742b399f4a1dab793c98f8912da01e)] -> xpath: //span[text()='Automation']]<---------> is Enabled, true<br>
[[ChromeDriver: chrome on windows (bf742b399f4a1dab793c98f8912da01e)] -> xpath: //span[text()='Automation']] ---> Actual text : Automation. Expected text : Automation<br>
[[ChromeDriver: chrome on windows (bf742b399f4a1dab793c98f8912da01e)] -> xpath: //span[text()='Automation']]<-------> has been clicked<br>
Sleeping ... zZz 2000<br>
[[ChromeDriver: chrome on windows (bf742b399f4a1dab793c98f8912da01e)] -> xpath: //a[text()='Enroll Now']]<---------> is Enabled, true<br>
[[ChromeDriver: chrome on windows (bf742b399f4a1dab793c98f8912da01e)] -> xpath: //a[text()='Enroll Now']] ---> Actual text : Enroll Now. Expected text : Enroll Now<br>
[[ChromeDriver: chrome on windows (bf742b399f4a1dab793c98f8912da01e)] -> xpath: //a[text()='Enroll Now']]<-------> has been clicked<br>
Sleeping ... zZz 4000<br>
Sleeping ... zZz 4000<br>]]>
    </system-out>
  </testcase> <!-- clickAutomationButtonAndDirectToEnrollmentPageTest -->
  <system-out>
    <![CDATA[[[ChromeDriver: chrome on windows (bf742b399f4a1dab793c98f8912da01e)] -> xpath: //a[text()='Login']]<---------> is Displayed, true<br>
Sleeping ... zZz 4000<br>
[[ChromeDriver: chrome on windows (bf742b399f4a1dab793c98f8912da01e)] -> xpath: //input[@name='username']]<---------> is Displayed, true<br>
Kaylith1@gmail.com <-----> has been put into <-----> [[ChromeDriver: chrome on windows (bf742b399f4a1dab793c98f8912da01e)] -> xpath: //input[@name='username']]<br>
Sleeping ... zZz 4000<br>
[[ChromeDriver: chrome on windows (bf742b399f4a1dab793c98f8912da01e)] -> xpath: //input[@id = 'password']]<---------> is Displayed, true<br>
Abcd12345% <-----> has been put into <-----> [[ChromeDriver: chrome on windows (bf742b399f4a1dab793c98f8912da01e)] -> xpath: //input[@id = 'password']]<br>
Sleeping ... zZz 4000<br>
[[ChromeDriver: chrome on windows (bf742b399f4a1dab793c98f8912da01e)] -> css selector: input.btn.btn-lg.px-5]<---------> is Enabled, true<br>
Proxy element for: DefaultElementLocator 'By.cssSelector: input.btn.btn-lg.px-5'<-------> has been clicked<br>
Sleeping ... zZz 2000<br>
[[ChromeDriver: chrome on windows (bf742b399f4a1dab793c98f8912da01e)] -> xpath: //span[text()='Automation']]<---------> is Enabled, true<br>
[[ChromeDriver: chrome on windows (bf742b399f4a1dab793c98f8912da01e)] -> xpath: //span[text()='Automation']] ---> Actual text : Automation. Expected text : Automation<br>
[[ChromeDriver: chrome on windows (bf742b399f4a1dab793c98f8912da01e)] -> xpath: //span[text()='Automation']]<-------> has been clicked<br>
Sleeping ... zZz 2000<br>
[[ChromeDriver: chrome on windows (bf742b399f4a1dab793c98f8912da01e)] -> xpath: //a[text()='Enroll Now']]<---------> is Enabled, true<br>
[[ChromeDriver: chrome on windows (bf742b399f4a1dab793c98f8912da01e)] -> xpath: //a[text()='Enroll Now']] ---> Actual text : Enroll Now. Expected text : Enroll Now<br>
[[ChromeDriver: chrome on windows (bf742b399f4a1dab793c98f8912da01e)] -> xpath: //a[text()='Enroll Now']]<-------> has been clicked<br>
Sleeping ... zZz 4000<br>
Sleeping ... zZz 4000<br>]]>
  </system-out>
</testsuite> <!-- pagesTest.HomePageTest -->
